#Timing report of worst 1 path(s)
# Unit scale: 1e-09 seconds
# Output precision: 3

#Path 1
Startpoint: S.inpad[0] (.input clocked by virtual_io_clock)
Endpoint  : out:led.outpad[0] (.output clocked by virtual_io_clock)
Path Type : setup

Point                                                                          Incr      Path
---------------------------------------------------------------------------------------------
clock virtual_io_clock (rise edge)                                            0.000     0.000
clock source latency                                                          0.000     0.000
input external delay                                                          0.000     0.000
S.inpad[0] (.input)                                                           0.000     0.000
$iopadmap$helloworldfpga.S.I_PAD_$inp[0] (BIDIR_CELL)                         0.000     0.000
$iopadmap$helloworldfpga.S.I_DAT[0] (BIDIR_CELL)                             10.958    10.958
led_LUT3_O.t_frag.XB1[0] (T_FRAG)                                             0.000    10.958
led_LUT3_O.t_frag.XZ[0] (T_FRAG)                                              1.581    12.539
$iopadmap$helloworldfpga.led.O_DAT[0] (BIDIR_CELL)                            0.000    12.539
$iopadmap$helloworldfpga.led.O_PAD_$out[0] (BIDIR_CELL)                       9.809    22.348
out:led.outpad[0] (.output)                                                   0.000    22.348
data arrival time                                                                      22.348

clock virtual_io_clock (rise edge)                                            0.000     0.000
clock source latency                                                          0.000     0.000
clock uncertainty                                                             0.000     0.000
output external delay                                                         0.000     0.000
data required time                                                                      0.000
---------------------------------------------------------------------------------------------
data required time                                                                      0.000
data arrival time                                                                     -22.348
---------------------------------------------------------------------------------------------
slack (VIOLATED)                                                                      -22.348


#End of timing report
